<?xml version="1.0" encoding="UTF-8"?>
<testsuite name="othermonkeysoftware.RPS.UiGesturePickerTest" tests="3" skipped="0" failures="0" errors="0" timestamp="2019-09-08T20:40:46" hostname="C02YJ0NUJG5H" time="0.002">
  <properties/>
  <testcase name="selectGestureShouldNotBeNull" classname="othermonkeysoftware.RPS.UiGesturePickerTest" time="0.001"/>
  <testcase name="selectGestureShouldUseUi" classname="othermonkeysoftware.RPS.UiGesturePickerTest" time="0.0"/>
  <testcase name="selectGesture" classname="othermonkeysoftware.RPS.UiGesturePickerTest" time="0.001"/>
  <system-out><![CDATA[]]></system-out>
  <system-err><![CDATA[]]></system-err>
</testsuite>
