<?xml version="1.0" encoding="UTF-8"?>
<testsuite name="othermonkeysoftware.RPS.PlayersTest" tests="4" skipped="0" failures="0" errors="0" timestamp="2019-09-08T20:40:45" hostname="C02YJ0NUJG5H" time="0.405">
  <properties/>
  <testcase name="roShamBoShouldNotReturnNull" classname="othermonkeysoftware.RPS.PlayersTest" time="0.396"/>
  <testcase name="roShamBoShouldSelectPlayer2Gesture" classname="othermonkeysoftware.RPS.PlayersTest" time="0.005"/>
  <testcase name="roShamBoShouldCompareGestures" classname="othermonkeysoftware.RPS.PlayersTest" time="0.001"/>
  <testcase name="roShamBoShouldSelectPlayer1Gesture" classname="othermonkeysoftware.RPS.PlayersTest" time="0.001"/>
  <system-out><![CDATA[]]></system-out>
  <system-err><![CDATA[]]></system-err>
</testsuite>
