<?xml version="1.0" encoding="UTF-8"?>
<testsuite name="othermonkeysoftware.RPS.PlayerTest" tests="3" skipped="0" failures="0" errors="0" timestamp="2019-09-08T20:40:46" hostname="C02YJ0NUJG5H" time="0.008">
  <properties/>
  <testcase name="revealGesture" classname="othermonkeysoftware.RPS.PlayerTest" time="0.007"/>
  <testcase name="selectGestureReturnsSelectedGesture" classname="othermonkeysoftware.RPS.PlayerTest" time="0.001"/>
  <testcase name="selectGestureUsesGesturePicker" classname="othermonkeysoftware.RPS.PlayerTest" time="0.0"/>
  <system-out><![CDATA[]]></system-out>
  <system-err><![CDATA[]]></system-err>
</testsuite>
