<?xml version="1.0" encoding="UTF-8"?>
<testsuite name="othermonkeysoftware.RPS.PlayersBuilderTest" tests="3" skipped="0" failures="0" errors="0" timestamp="2019-09-08T20:40:46" hostname="C02YJ0NUJG5H" time="0.016">
  <properties/>
  <testcase name="computerVsComputer" classname="othermonkeysoftware.RPS.PlayersBuilderTest" time="0.015"/>
  <testcase name="humanVsComputer" classname="othermonkeysoftware.RPS.PlayersBuilderTest" time="0.0"/>
  <testcase name="humanVsComputerAsksForPlayerName" classname="othermonkeysoftware.RPS.PlayersBuilderTest" time="0.001"/>
  <system-out><![CDATA[]]></system-out>
  <system-err><![CDATA[]]></system-err>
</testsuite>
